[0.005s] Invoking command in '/home/menna/ws_manipulator/build/manipulator': CMAKE_PREFIX_PATH=${CMAKE_PREFIX_PATH}:/opt/ros/humble /usr/bin/cmake /home/menna/ws_manipulator/src/manipulator -DCMAKE_INSTALL_PREFIX=/home/menna/ws_manipulator/install/manipulator
[0.061s] -- The C compiler identification is GNU 11.4.0
[0.098s] -- The CXX compiler identification is GNU 11.4.0
[0.102s] -- Detecting C compiler ABI info
[0.146s] -- Detecting C compiler ABI info - done
[0.150s] -- Check for working C compiler: /usr/bin/cc - skipped
[0.150s] -- Detecting C compile features
[0.150s] -- Detecting C compile features - done
[0.153s] -- Detecting CXX compiler ABI info
[0.195s] -- Detecting CXX compiler ABI info - done
[0.199s] -- Check for working CXX compiler: /usr/bin/c++ - skipped
[0.199s] -- Detecting CXX compile features
[0.199s] -- Detecting CXX compile features - done
[0.202s] -- Found ament_cmake: 1.3.9 (/opt/ros/humble/share/ament_cmake/cmake)
[0.290s] -- Found Python3: /usr/bin/python3 (found version "3.10.12") found components: Interpreter 
[0.348s] -- Found ament_lint_auto: 0.12.11 (/opt/ros/humble/share/ament_lint_auto/cmake)
[0.395s] -- Added test 'lint_cmake' to check CMake code style
[0.396s] -- Added test 'xmllint' to check XML markup files
[0.396s] -- Configuring done
[0.398s] -- Generating done
[0.398s] -- Build files have been written to: /home/menna/ws_manipulator/build/manipulator
[0.402s] Invoked command in '/home/menna/ws_manipulator/build/manipulator' returned '0': CMAKE_PREFIX_PATH=${CMAKE_PREFIX_PATH}:/opt/ros/humble /usr/bin/cmake /home/menna/ws_manipulator/src/manipulator -DCMAKE_INSTALL_PREFIX=/home/menna/ws_manipulator/install/manipulator
[0.403s] Invoking command in '/home/menna/ws_manipulator/build/manipulator': CMAKE_PREFIX_PATH=${CMAKE_PREFIX_PATH}:/opt/ros/humble /usr/bin/cmake --build /home/menna/ws_manipulator/build/manipulator -- -j20 -l20
[0.422s] Invoked command in '/home/menna/ws_manipulator/build/manipulator' returned '0': CMAKE_PREFIX_PATH=${CMAKE_PREFIX_PATH}:/opt/ros/humble /usr/bin/cmake --build /home/menna/ws_manipulator/build/manipulator -- -j20 -l20
[0.440s] Invoking command in '/home/menna/ws_manipulator/build/manipulator': CMAKE_PREFIX_PATH=${CMAKE_PREFIX_PATH}:/opt/ros/humble /usr/bin/cmake --install /home/menna/ws_manipulator/build/manipulator
[0.443s] -- Install configuration: ""
[0.443s] -- Installing: /home/menna/ws_manipulator/install/manipulator/share/ament_index/resource_index/package_run_dependencies/manipulator
[0.443s] -- Installing: /home/menna/ws_manipulator/install/manipulator/share/ament_index/resource_index/parent_prefix_path/manipulator
[0.443s] -- Installing: /home/menna/ws_manipulator/install/manipulator/share/manipulator/environment/ament_prefix_path.sh
[0.444s] -- Installing: /home/menna/ws_manipulator/install/manipulator/share/manipulator/environment/ament_prefix_path.dsv
[0.444s] -- Installing: /home/menna/ws_manipulator/install/manipulator/share/manipulator/environment/path.sh
[0.444s] -- Installing: /home/menna/ws_manipulator/install/manipulator/share/manipulator/environment/path.dsv
[0.444s] -- Installing: /home/menna/ws_manipulator/install/manipulator/share/manipulator/local_setup.bash
[0.444s] -- Installing: /home/menna/ws_manipulator/install/manipulator/share/manipulator/local_setup.sh
[0.444s] -- Installing: /home/menna/ws_manipulator/install/manipulator/share/manipulator/local_setup.zsh
[0.444s] -- Installing: /home/menna/ws_manipulator/install/manipulator/share/manipulator/local_setup.dsv
[0.444s] -- Installing: /home/menna/ws_manipulator/install/manipulator/share/manipulator/package.dsv
[0.444s] -- Installing: /home/menna/ws_manipulator/install/manipulator/share/ament_index/resource_index/packages/manipulator
[0.444s] -- Installing: /home/menna/ws_manipulator/install/manipulator/share/manipulator/cmake/manipulatorConfig.cmake
[0.444s] -- Installing: /home/menna/ws_manipulator/install/manipulator/share/manipulator/cmake/manipulatorConfig-version.cmake
[0.444s] -- Installing: /home/menna/ws_manipulator/install/manipulator/share/manipulator/package.xml
[0.445s] Invoked command in '/home/menna/ws_manipulator/build/manipulator' returned '0': CMAKE_PREFIX_PATH=${CMAKE_PREFIX_PATH}:/opt/ros/humble /usr/bin/cmake --install /home/menna/ws_manipulator/build/manipulator
