[0.007s] Invoking command in '/home/menna/ws_manipulator/build/manipulator': CMAKE_PREFIX_PATH=${CMAKE_PREFIX_PATH}:/opt/ros/humble /usr/bin/cmake --build /home/menna/ws_manipulator/build/manipulator -- -j20 -l20
[0.019s] -- Found ament_cmake: 1.3.9 (/opt/ros/humble/share/ament_cmake/cmake)
[0.089s] -- Found ament_lint_auto: 0.12.11 (/opt/ros/humble/share/ament_lint_auto/cmake)
[0.126s] -- Added test 'flake8' to check Python code syntax and style conventions
[0.126s] -- Added test 'lint_cmake' to check CMake code style
[0.127s] -- Added test 'pep257' to check Python code against some of the docstring style conventions in PEP 257
[0.127s] -- Added test 'xmllint' to check XML markup files
[0.128s] -- Configuring done
[0.129s] -- Generating done
[0.129s] -- Build files have been written to: /home/menna/ws_manipulator/build/manipulator
[0.142s] Invoked command in '/home/menna/ws_manipulator/build/manipulator' returned '0': CMAKE_PREFIX_PATH=${CMAKE_PREFIX_PATH}:/opt/ros/humble /usr/bin/cmake --build /home/menna/ws_manipulator/build/manipulator -- -j20 -l20
[0.161s] Invoking command in '/home/menna/ws_manipulator/build/manipulator': CMAKE_PREFIX_PATH=${CMAKE_PREFIX_PATH}:/opt/ros/humble /usr/bin/cmake --install /home/menna/ws_manipulator/build/manipulator
[0.167s] -- Install configuration: ""
[0.167s] -- Up-to-date: /home/menna/ws_manipulator/install/manipulator/share/manipulator/launch
[0.167s] -- Up-to-date: /home/menna/ws_manipulator/install/manipulator/share/manipulator/launch/display.launch.py
[0.167s] -- Up-to-date: /home/menna/ws_manipulator/install/manipulator/share/manipulator/urdf
[0.167s] -- Up-to-date: /home/menna/ws_manipulator/install/manipulator/share/manipulator/urdf/models.urdf
[0.167s] -- Installing: /home/menna/ws_manipulator/install/manipulator/share/manipulator/meshes
[0.167s] -- Installing: /home/menna/ws_manipulator/install/manipulator/share/manipulator/meshes/link_4.STL
[0.170s] -- Installing: /home/menna/ws_manipulator/install/manipulator/share/manipulator/meshes/link_2.STL
[0.170s] -- Installing: /home/menna/ws_manipulator/install/manipulator/share/manipulator/meshes/link_6.STL
[0.170s] -- Installing: /home/menna/ws_manipulator/install/manipulator/share/manipulator/meshes/link_5.STL
[0.170s] -- Installing: /home/menna/ws_manipulator/install/manipulator/share/manipulator/meshes/base_link.STL
[0.171s] -- Installing: /home/menna/ws_manipulator/install/manipulator/share/manipulator/meshes/link_3.STL
[0.171s] -- Installing: /home/menna/ws_manipulator/install/manipulator/share/manipulator/meshes/link_1.STL
[0.171s] -- Up-to-date: /home/menna/ws_manipulator/install/manipulator/share/ament_index/resource_index/package_run_dependencies/manipulator
[0.171s] -- Installing: /home/menna/ws_manipulator/install/manipulator/share/ament_index/resource_index/parent_prefix_path/manipulator
[0.171s] -- Up-to-date: /home/menna/ws_manipulator/install/manipulator/share/manipulator/environment/ament_prefix_path.sh
[0.171s] -- Installing: /home/menna/ws_manipulator/install/manipulator/share/manipulator/environment/ament_prefix_path.dsv
[0.171s] -- Up-to-date: /home/menna/ws_manipulator/install/manipulator/share/manipulator/environment/path.sh
[0.171s] -- Installing: /home/menna/ws_manipulator/install/manipulator/share/manipulator/environment/path.dsv
[0.171s] -- Up-to-date: /home/menna/ws_manipulator/install/manipulator/share/manipulator/local_setup.bash
[0.171s] -- Up-to-date: /home/menna/ws_manipulator/install/manipulator/share/manipulator/local_setup.sh
[0.171s] -- Up-to-date: /home/menna/ws_manipulator/install/manipulator/share/manipulator/local_setup.zsh
[0.171s] -- Installing: /home/menna/ws_manipulator/install/manipulator/share/manipulator/local_setup.dsv
[0.172s] -- Installing: /home/menna/ws_manipulator/install/manipulator/share/manipulator/package.dsv
[0.172s] -- Up-to-date: /home/menna/ws_manipulator/install/manipulator/share/ament_index/resource_index/packages/manipulator
[0.172s] -- Up-to-date: /home/menna/ws_manipulator/install/manipulator/share/manipulator/cmake/manipulatorConfig.cmake
[0.172s] -- Up-to-date: /home/menna/ws_manipulator/install/manipulator/share/manipulator/cmake/manipulatorConfig-version.cmake
[0.172s] -- Up-to-date: /home/menna/ws_manipulator/install/manipulator/share/manipulator/package.xml
[0.172s] Invoked command in '/home/menna/ws_manipulator/build/manipulator' returned '0': CMAKE_PREFIX_PATH=${CMAKE_PREFIX_PATH}:/opt/ros/humble /usr/bin/cmake --install /home/menna/ws_manipulator/build/manipulator
