[0.005s] Invoking command in '/home/menna/ws_manipulator/build/manipulator': CMAKE_PREFIX_PATH=${CMAKE_PREFIX_PATH}:/opt/ros/humble /usr/bin/cmake --build /home/menna/ws_manipulator/build/manipulator -- -j20 -l20
[0.026s] Invoked command in '/home/menna/ws_manipulator/build/manipulator' returned '0': CMAKE_PREFIX_PATH=${CMAKE_PREFIX_PATH}:/opt/ros/humble /usr/bin/cmake --build /home/menna/ws_manipulator/build/manipulator -- -j20 -l20
[0.041s] Invoking command in '/home/menna/ws_manipulator/build/manipulator': CMAKE_PREFIX_PATH=${CMAKE_PREFIX_PATH}:/opt/ros/humble /usr/bin/cmake --install /home/menna/ws_manipulator/build/manipulator
[0.045s] -- Install configuration: ""
[0.045s] -- Up-to-date: /home/menna/ws_manipulator/install/manipulator/share/manipulator/launch
[0.045s] -- Up-to-date: /home/menna/ws_manipulator/install/manipulator/share/manipulator/launch/display.launch.py
[0.045s] -- Up-to-date: /home/menna/ws_manipulator/install/manipulator/share/manipulator/urdf
[0.045s] -- Installing: /home/menna/ws_manipulator/install/manipulator/share/manipulator/urdf/models.urdf
[0.045s] -- Up-to-date: /home/menna/ws_manipulator/install/manipulator/share/manipulator/config
[0.045s] -- Up-to-date: /home/menna/ws_manipulator/install/manipulator/share/ament_index/resource_index/package_run_dependencies/manipulator
[0.045s] -- Up-to-date: /home/menna/ws_manipulator/install/manipulator/share/ament_index/resource_index/parent_prefix_path/manipulator
[0.045s] -- Up-to-date: /home/menna/ws_manipulator/install/manipulator/share/manipulator/environment/ament_prefix_path.sh
[0.045s] -- Up-to-date: /home/menna/ws_manipulator/install/manipulator/share/manipulator/environment/ament_prefix_path.dsv
[0.045s] -- Up-to-date: /home/menna/ws_manipulator/install/manipulator/share/manipulator/environment/path.sh
[0.045s] -- Up-to-date: /home/menna/ws_manipulator/install/manipulator/share/manipulator/environment/path.dsv
[0.045s] -- Up-to-date: /home/menna/ws_manipulator/install/manipulator/share/manipulator/local_setup.bash
[0.045s] -- Up-to-date: /home/menna/ws_manipulator/install/manipulator/share/manipulator/local_setup.sh
[0.045s] -- Up-to-date: /home/menna/ws_manipulator/install/manipulator/share/manipulator/local_setup.zsh
[0.045s] -- Up-to-date: /home/menna/ws_manipulator/install/manipulator/share/manipulator/local_setup.dsv
[0.045s] -- Installing: /home/menna/ws_manipulator/install/manipulator/share/manipulator/package.dsv
[0.045s] -- Up-to-date: /home/menna/ws_manipulator/install/manipulator/share/ament_index/resource_index/packages/manipulator
[0.045s] -- Up-to-date: /home/menna/ws_manipulator/install/manipulator/share/manipulator/cmake/manipulatorConfig.cmake
[0.046s] -- Up-to-date: /home/menna/ws_manipulator/install/manipulator/share/manipulator/cmake/manipulatorConfig-version.cmake
[0.046s] -- Up-to-date: /home/menna/ws_manipulator/install/manipulator/share/manipulator/package.xml
[0.046s] Invoked command in '/home/menna/ws_manipulator/build/manipulator' returned '0': CMAKE_PREFIX_PATH=${CMAKE_PREFIX_PATH}:/opt/ros/humble /usr/bin/cmake --install /home/menna/ws_manipulator/build/manipulator
