[0.009s] Invoking command in '/home/menna/ws_manipulator/build/manipulator': CMAKE_PREFIX_PATH=${CMAKE_PREFIX_PATH}:/opt/ros/humble /usr/bin/cmake --build /home/menna/ws_manipulator/build/manipulator -- -j20 -l20
[0.022s] -- Found ament_cmake: 1.3.9 (/opt/ros/humble/share/ament_cmake/cmake)
[0.092s] -- Found ament_lint_auto: 0.12.11 (/opt/ros/humble/share/ament_lint_auto/cmake)
[0.128s] -- Added test 'flake8' to check Python code syntax and style conventions
[0.128s] -- Added test 'lint_cmake' to check CMake code style
[0.128s] -- Added test 'pep257' to check Python code against some of the docstring style conventions in PEP 257
[0.129s] -- Added test 'xmllint' to check XML markup files
[0.129s] -- Configuring done
[0.130s] -- Generating done
[0.131s] -- Build files have been written to: /home/menna/ws_manipulator/build/manipulator
[0.142s] Invoked command in '/home/menna/ws_manipulator/build/manipulator' returned '0': CMAKE_PREFIX_PATH=${CMAKE_PREFIX_PATH}:/opt/ros/humble /usr/bin/cmake --build /home/menna/ws_manipulator/build/manipulator -- -j20 -l20
[0.159s] Invoking command in '/home/menna/ws_manipulator/build/manipulator': CMAKE_PREFIX_PATH=${CMAKE_PREFIX_PATH}:/opt/ros/humble /usr/bin/cmake --install /home/menna/ws_manipulator/build/manipulator
[0.163s] -- Install configuration: ""
[0.163s] -- Installing: /home/menna/ws_manipulator/install/manipulator/share/manipulator/launch
[0.164s] -- Installing: /home/menna/ws_manipulator/install/manipulator/share/manipulator/launch/display.launch.py
[0.164s] -- Installing: /home/menna/ws_manipulator/install/manipulator/share/manipulator/urdf
[0.164s] -- Installing: /home/menna/ws_manipulator/install/manipulator/share/manipulator/urdf/models.urdf
[0.164s] -- Installing: /home/menna/ws_manipulator/install/manipulator/share/manipulator/config
[0.164s] -- Installing: /home/menna/ws_manipulator/install/manipulator/share/ament_index/resource_index/package_run_dependencies/manipulator
[0.164s] -- Up-to-date: /home/menna/ws_manipulator/install/manipulator/share/ament_index/resource_index/parent_prefix_path/manipulator
[0.164s] -- Up-to-date: /home/menna/ws_manipulator/install/manipulator/share/manipulator/environment/ament_prefix_path.sh
[0.164s] -- Installing: /home/menna/ws_manipulator/install/manipulator/share/manipulator/environment/ament_prefix_path.dsv
[0.164s] -- Up-to-date: /home/menna/ws_manipulator/install/manipulator/share/manipulator/environment/path.sh
[0.164s] -- Installing: /home/menna/ws_manipulator/install/manipulator/share/manipulator/environment/path.dsv
[0.164s] -- Up-to-date: /home/menna/ws_manipulator/install/manipulator/share/manipulator/local_setup.bash
[0.164s] -- Up-to-date: /home/menna/ws_manipulator/install/manipulator/share/manipulator/local_setup.sh
[0.164s] -- Up-to-date: /home/menna/ws_manipulator/install/manipulator/share/manipulator/local_setup.zsh
[0.164s] -- Installing: /home/menna/ws_manipulator/install/manipulator/share/manipulator/local_setup.dsv
[0.164s] -- Installing: /home/menna/ws_manipulator/install/manipulator/share/manipulator/package.dsv
[0.164s] -- Up-to-date: /home/menna/ws_manipulator/install/manipulator/share/ament_index/resource_index/packages/manipulator
[0.164s] -- Up-to-date: /home/menna/ws_manipulator/install/manipulator/share/manipulator/cmake/manipulatorConfig.cmake
[0.164s] -- Up-to-date: /home/menna/ws_manipulator/install/manipulator/share/manipulator/cmake/manipulatorConfig-version.cmake
[0.164s] -- Installing: /home/menna/ws_manipulator/install/manipulator/share/manipulator/package.xml
[0.165s] Invoked command in '/home/menna/ws_manipulator/build/manipulator' returned '0': CMAKE_PREFIX_PATH=${CMAKE_PREFIX_PATH}:/opt/ros/humble /usr/bin/cmake --install /home/menna/ws_manipulator/build/manipulator
