[0.007s] Invoking command in '/home/menna/ws_manipulator/build/manipulator': CMAKE_PREFIX_PATH=${CMAKE_PREFIX_PATH}:/opt/ros/humble /usr/bin/cmake --build /home/menna/ws_manipulator/build/manipulator -- -j20 -l20
[0.019s] -- Found ament_cmake: 1.3.9 (/opt/ros/humble/share/ament_cmake/cmake)
[0.089s] -- Found ament_lint_auto: 0.12.11 (/opt/ros/humble/share/ament_lint_auto/cmake)
[0.125s] -- Added test 'flake8' to check Python code syntax and style conventions
[0.126s] -- Added test 'lint_cmake' to check CMake code style
[0.126s] -- Added test 'pep257' to check Python code against some of the docstring style conventions in PEP 257
[0.126s] -- Added test 'xmllint' to check XML markup files
[0.126s] -- Configuring done
[0.128s] -- Generating done
[0.128s] -- Build files have been written to: /home/menna/ws_manipulator/build/manipulator
[0.141s] Invoked command in '/home/menna/ws_manipulator/build/manipulator' returned '0': CMAKE_PREFIX_PATH=${CMAKE_PREFIX_PATH}:/opt/ros/humble /usr/bin/cmake --build /home/menna/ws_manipulator/build/manipulator -- -j20 -l20
[0.156s] Invoking command in '/home/menna/ws_manipulator/build/manipulator': CMAKE_PREFIX_PATH=${CMAKE_PREFIX_PATH}:/opt/ros/humble /usr/bin/cmake --install /home/menna/ws_manipulator/build/manipulator
[0.160s] [31mCMake Error at cmake_install.cmake:46 (file):
[0.160s]   file INSTALL cannot find
[0.160s]   "/home/menna/ws_manipulator/src/manipulator/config": No such file or
[0.160s]   directory.
[0.160s] 
[0.160s] [0m
[0.160s] -- Install configuration: ""
[0.160s] -- Up-to-date: /home/menna/ws_manipulator/install/manipulator/share/manipulator/launch
[0.161s] -- Up-to-date: /home/menna/ws_manipulator/install/manipulator/share/manipulator/launch/display.launch.py
[0.161s] -- Up-to-date: /home/menna/ws_manipulator/install/manipulator/share/manipulator/urdf
[0.161s] -- Up-to-date: /home/menna/ws_manipulator/install/manipulator/share/manipulator/urdf/models.urdf
[0.161s] Invoked command in '/home/menna/ws_manipulator/build/manipulator' returned '1': CMAKE_PREFIX_PATH=${CMAKE_PREFIX_PATH}:/opt/ros/humble /usr/bin/cmake --install /home/menna/ws_manipulator/build/manipulator
